[    0.000000] Initializing cgroup subsys cpuset
[    0.000000] Initializing cgroup subsys cpu
[    0.000000] Initializing cgroup subsys cpuacct
[    0.000000] Linux version 4.4.0-173-generic (buildd@lgw01-amd64-037) (gcc version 5.4.0 20160609 (Ubuntu 5.4.0-6ubuntu1~16.04.12) ) #203-Ubuntu SMP Wed Jan 15 02:55:01 UTC 2020 (Ubuntu 4.4.0-173.203-generic 4.4.208)
[    0.000000] Command line: BOOT_IMAGE=/boot/vmlinuz-4.4.0-173-generic root=LABEL=cloudimg-rootfs ro console=tty1 console=ttyS0
[    0.000000] KERNEL supported cpus:
[    0.000000]   Intel GenuineIntel
[    0.000000]   AMD AuthenticAMD
[    0.000000]   Centaur CentaurHauls
[    0.000000] x86/fpu: xstate_offset[2]:  576, xstate_sizes[2]:  256
[    0.000000] x86/fpu: Supporting XSAVE feature 0x01: 'x87 floating point registers'
[    0.000000] x86/fpu: Supporting XSAVE feature 0x02: 'SSE registers'
[    0.000000] x86/fpu: Supporting XSAVE feature 0x04: 'AVX registers'
[    0.000000] x86/fpu: Enabled xstate features 0x7, context size is 832 bytes, using 'standard' format.
[    0.000000] e820: BIOS-provided physical RAM map:
[    0.000000] BIOS-e820: [mem 0x0000000000000000-0x000000000009fbff] usable
[    0.000000] BIOS-e820: [mem 0x000000000009fc00-0x000000000009ffff] reserved
[    0.000000] BIOS-e820: [mem 0x00000000000f0000-0x00000000000fffff] reserved
[    0.000000] BIOS-e820: [mem 0x0000000000100000-0x000000003ffeffff] usable
[    0.000000] BIOS-e820: [mem 0x000000003fff0000-0x000000003fffffff] ACPI data
[    0.000000] BIOS-e820: [mem 0x00000000fec00000-0x00000000fec00fff] reserved
[    0.000000] BIOS-e820: [mem 0x00000000fee00000-0x00000000fee00fff] reserved
[    0.000000] BIOS-e820: [mem 0x00000000fffc0000-0x00000000ffffffff] reserved
[    0.000000] NX (Execute Disable) protection: active
[    0.000000] SMBIOS 2.5 present.
[    0.000000] Hypervisor detected: KVM
[    0.000000] e820: last_pfn = 0x3fff0 max_arch_pfn = 0x400000000
[    0.000000] MTRR: Disabled
[    0.000000] x86/PAT: MTRRs disabled, skipping PAT initialization too.
[    0.000000] CPU MTRRs all blank - virtualized system.
[    0.000000] x86/PAT: Configuration [0-7]: WB  WT  UC- UC  WB  WT  UC- UC  
[    0.000000] found SMP MP-table at [mem 0x0009fff0-0x0009ffff] mapped at [ffff88000009fff0]
[    0.000000] Scanning 1 areas for low memory corruption
[    0.000000] RAMDISK: [mem 0x362e4000-0x37169fff]
[    0.000000] ACPI: Early table checksum verification disabled
[    0.000000] ACPI: RSDP 0x00000000000E0000 000024 (v02 VBOX  )
[    0.000000] ACPI: XSDT 0x000000003FFF0030 00003C (v01 VBOX   VBOXXSDT 00000001 ASL  00000061)
[    0.000000] ACPI: FACP 0x000000003FFF00F0 0000F4 (v04 VBOX   VBOXFACP 00000001 ASL  00000061)
[    0.000000] ACPI: DSDT 0x000000003FFF0470 0021FF (v02 VBOX   VBOXBIOS 00000002 INTL 20180105)
[    0.000000] ACPI: FACS 0x000000003FFF0200 000040
[    0.000000] ACPI: FACS 0x000000003FFF0200 000040
[    0.000000] ACPI: APIC 0x000000003FFF0240 00005C (v02 VBOX   VBOXAPIC 00000001 ASL  00000061)
[    0.000000] ACPI: SSDT 0x000000003FFF02A0 0001CC (v01 VBOX   VBOXCPUT 00000002 INTL 20180105)
[    0.000000] No NUMA configuration found
[    0.000000] Faking a node at [mem 0x0000000000000000-0x000000003ffeffff]
[    0.000000] NODE_DATA(0) allocated [mem 0x3ffeb000-0x3ffeffff]
[    0.000000] kvm-clock: Using msrs 4b564d01 and 4b564d00
[    0.000000] kvm-clock: cpu 0, msr 0:3ffe3001, primary cpu clock
[    0.000000] kvm-clock: using sched offset of 3131024468 cycles
[    0.000000] clocksource: kvm-clock: mask: 0xffffffffffffffff max_cycles: 0x1cd42e4dffb, max_idle_ns: 881590591483 ns
[    0.000000] Zone ranges:
[    0.000000]   DMA      [mem 0x00000000001000-0x0000000000ffffff]
[    0.000000]   DMA32    [mem 0x0000000001000000-0x000000003ffff]
[    0.000000]   Normal   empty
[    0.000000]   Device   empt
  0.00000]ovle zone start for each node
[    0.000000] Early memory node ranges
[    0.000000]   node   0: [mem 0x0000000000001000-0x000000000009efff]
[    0.000000]   node   0: [mem 0x0000000000100000-0x000000003ffeffff]
[    0.000000] Initmem setup node 0 [mem 0x0000000000001000-0x000000003ffeffff]
[    0.000000] ACPI: PM-Timer IO Port: 0x4008
[    0.000000] IOAPIC[0]: apic_id 2, version 32, address 0xfec00000, GSI 0-23[   0.00] CPI:IN_S_OR (bus b_iq 0 globa_i 2dfl df)   0.000] PI: IN_S_O (bu 0usrq 9 gob_iq  lowleve)[   .000] Usg CP(MAD f SP configuration infmaon
[    0.000]mpoot: Allowing 2 CPUs, 0 hotplug CPUs
[    0.000000] PM: Registered nosave memory: [mem 0x00000000-0x00000fff]
[    0.000000] PM: Registered nosave memory: [mem 0x0009f000-0x0009ffff]
[    0.000000] PM: Registered nosave memory: [mem 0x000a0000-0x000effff]
[    0.000000] PM: Registered nosave memory: [mem 0x000f0000-0x000fffff]
[    0.000000] e820: [mem 0x40000000-0xfebfffff] available for PCI devices
[    0.000000] Booting paravirtualized kernel on KVM
[    0.000000] clocksource: refined-jiffies: mask: 0xffffffff max_cycles: 0xffffffff, max_idle_ns: 7645519600211568 ns
[    0.000000] setup_percpu: NR_CPUS:512 nr_cpumask_bits:512 nr_cpu_ids:2 nr_node_ids:1
[    0.000000] PERCPU: Embedded 33 pages/cpu @ffff88003fc00000 s95448 r8192 d31528 u1048576
[    0.000000] Built 1 zonelists in Node order, mobility grouping on.  Total pages: 257912
[    0.000000] Policy zone: DMA32
[    0.000000] Kernel command line: BOOT_IMAGE=/boot/vmlinuz-4.4.0-173-generic root=LABEL=cloudimg-rootfs ro console=tty1 console=ttyS0
[    0.000000] PID hash table entries: 4096 (order: 3, 32768 bytes)
[    0.000000] Memory: 997680K/1048120K available (8626K kernel code, 1336K rwdata, 4032K rodata, 1488K init, 1292K bss, 50440K reserved, 0K cma-reserved)
[    0.000000] SLUB: HWalign=64, Order=0-3, MinObjects=0, CPUs=2, Nodes=1
[    0.000000] Kernel/User page tables isolation: enabled
[    0.000000] Hierarchical RCU implementation.
[    0.000000] 	Build-time adjustment of leaf fanout to 64.
[    0.000000] 	RCU restricting CPUs from NR_CPUS=512 to nr_cpu_ids=2.
[    0.000000] RCU: Adjusting geometry for rcu_fanout_leaf=64, nr_cpu_ids=2
[    0.000000] NR_IRQS:33024 nr_irqs:440 16
[    0.000000] Console: colour VGA+ 80x25
[    0.000000] console [tty1] enabled
[    0.000000] console [ttyS0] enabled
[    0.000000] tsc: Detected 1991.999 MHz processor
[    1.188346] Calibrating delay loop (skipped) preset value.. 3983.99 BogoMIPS (lpj=7967996)
[    1.189640] pid_max: default: 32768 minimum: 301
[    1.190354] ACPI: Core revision 20150930
[    1.191733] ACPI: 2 ACPI AML tables successfully acquired and loaded
[    1.192761] Security Framework initialized
[    1.193418] Yama: becoming mindful.
[    1.193989] AppArmor: AppArmor initialized
[    1.194694] Dentry cache hash table entries: 131072 (order: 8, 1048576 bytes)
[    1.196244] Inode-cache hash table entries: 65536 (order: 7, 524288 bytes)
[    1.197273] Mount-cache hash table entries: 2048 (order: 2, 16384 bytes)
[    1.198126] Mountpoint-cache hash table entries: 2048 (order: 2, 16384 bytes)
[    1.199047] Initializing cgroup subsys io
[    1.199556] Initializing cgroup subsys memory
[    1.200228] Initializing cgroup subsys devices
[    1.200772] Initializing cgroup subsys freezer
[    1.201314] Initializing cgroup subsys net_cls
[    1.201856] Initializing cgroup subsys perf_event
[    1.202417] Initializing cgroup subsys net_prio
[    1.203067] Initializing cgroup subsys hugetlb
[    1.203653] Initializing cgroup subsys pids
[    1.205326] mce: CPU supports 0 MCE banks
[    1.205886] Last level iTLB entries: 4KB 64, 2MB 8, 4MB 8
[    1.206508] Last level dTLB entries: 4KB 64, 2MB 0, 4MB 0, 1GB 4
[    1.207332] Spectre V1 : Mitigation: usercopy/swapgs barriers and __user pointer sanitization
[    1.208751] Spectre V2 : Mitigation: Full generic retpoline
[    1.209640] Spectre V2 : Spectre v2 / SpectreRSB mitigation: Filling RSB on context switch
[    1.210998] Speculative Store Bypass: Vulnerable
[    1.212021] MDS: Mitigation: Clear CPU buffers
[    1.215254] Freeing SMP alternatives memory: 36K
[    1.231042] ftrace: allocating 32304 entries in 127 pages
[    1.284170] smpboot: APIC(0) Converting physical 0 to logical package 0
[    1.360532] smpboot: Max logical packages: 1
[    1.361313] x2apic enabled
[    1.361919] Switched APIC routing to physical x2apic.
[    1.363591] ..TIMER: vector=0x30 apic1=0 pin1=2 apic2=-1 pin2=-1
[    1.472530] smpboot: CPU0: Intel(R) Core(TM) i7-8565U CPU @ 1.80GHz (family: 0x6, model: 0x8e, stepping: 0xc)
[    1.492811] Performance Events: unsupported p6 CPU model 142 no PMU driver, software events only.
[    1.502461] KVM setup paravirtual spinlock
[    1.503880] x86: Booting SMP configuration:
[    1.606956] .... node  #0, CPUs:      #1
[    1.620532] kvm-clock: cpu 1, msr 0:3ffe3041, secondary cpu clock
[    1.644784] mce: CPU supports 0 MCE banks
[    1.655884] x86: Booted up 1 node, 2 CPUs
[    1.679961] smpboot: Total of 2 processors activated (7967.99 BogoMIPS)
[    1.681339] devtmpfs: initialized
[    1.683306] evm: security.selinux
[    1.683906] evm: security.SMACK64
[    1.736174] evm: security.SMACK64EXEC
[    1.736761] evm: security.SMACK64TRANSMUTE
[    1.743946] evm: security.SMACK64MMAP
[    1.744611] evm: security.ima
[    1.745151] evm: security.capability
[    1.745965] clocksource: jiffies: mask: 0xffffffff max_cycles: 0xffffffff, max_idle_ns: 7645041785100000 ns
[    1.747447] futex hash table entries: 512 (order: 3, 32768 bytes)
[    1.748461] pinctrl core: initialized pinctrl subsystem
[    1.749360] RTC time:  0:15:32, date: 04/09/20
[    1.750185] NET: Registered protocol family 16
[    1.762983] cpuidle: using governor ladder
[    1.782724] cpuidle: using governor menu
[    1.790200] PCCT header not found.
[    1.792321] ACPI: bus type PCI registered
[    1.794435] acpiphp: ACPI Hot Plug PCI Controller Driver version: 0.5
[    1.797773] PCI: Using configuration type 1 for base access
[    1.813838] ACPI: Added _OSI(Module Device)
[    1.815130] ACPI: Added _OSI(Processor Device)
[    1.816394] ACPI: Added _OSI(3.0 _SCP Extensions)
[    1.817693] ACPI: Added _OSI(Processor Aggregator Device)
[    1.820210] ACPI: Executed 1 blocks of module-level executable AML code
[    1.825147] ACPI: Interpreter enabled
[    1.826063] ACPI: (supports S0 S5)
[    1.826942] ACPI: Using IOAPIC for interrupt routing
[    1.828262] PCI: Using host bridge windows from ACPI; if necessary, use "pci=nocrs" and report a bug
[    1.833822] ACPI: PCI Root Bridge [PCI0] (domain 0000 [bus 00-ff])
[    1.834864] acpi PNP0A03:00: _OSC: OS supports [ASPM ClockPM Segments MSI]
[    1.835921] acpi PNP0A03:00: _OSC: not requesting OS control; OS requires [ExtendedConfig ASPM ClockPM MSI]
[    1.837469] acpi PNP0A03:00: fail to add MMCONFIG information, can't access extended PCI configuration space under this bridge.
[    1.839434] PCI host bridge to bus 0000:00
[    1.840150] pci_bus 0000:00: root bus resource [io  0x0000-0x0cf7 window]
[    1.841049] pci_bus 0000:00: root bus resource [io  0x0d00-0xffff window]
[    1.842003] pci_bus 0000:00: root bus resource [mem 0x000a0000-0x000bffff window]
[    1.843208] pci_bus 0000:00: root bus resource [mem 0x40000000-0xfdffffff window]
[    1.844402] pci_bus 0000:00: root bus resource [bus 00-ff]
[    1.846441] pci 0000:00:01.1: legacy IDE quirk: reg 0x10: [io  0x01f0-0x01f7]
[    1.847448] pci 0000:00:01.1: legacy IDE quirk: reg 0x14: [io  0x03f6]
[    1.848454] pci 0000:00:01.1: legacy IDE quirk: reg 0x18: [io  0x0170-0x0177]
[    1.849389] pci 0000:00:01.1: legacy IDE quirk: reg 0x1c: [io  0x0376]
[    1.867935] pci 0000:00:07.0: quirk: [io  0x4000-0x403f] claimed by PIIX4 ACPI
[    1.879595] pci 0000:00:07.0: quirk: [io  0x4100-0x410f] claimed by PIIX4 SMB
[    1.896307] ACPI: PCI Interrupt Link [LNKA] (IRQs 5 9 10 *11)
[    1.897733] ACPI: PCI Interrupt Link [LNKB] (IRQs 5 9 *10 11)
[    1.899148] ACPI: PCI Interrupt Link [LNKC] (IRQs 5 *9 10 11)
[    1.900440] ACPI: PCI Interrupt Link [LNKD] (IRQs 5 9 10 *11)
[    1.901715] ACPI: Enabled 2 GPEs in block 00 to 07
[    1.902858] vgaarb: setting as boot device: PCI:0000:00:02.0
[    1.903746] vgaarb: device added: PCI:0000:00:02.0,decodes=io+mem,owns=io+mem,locks=none
[    1.905137] vgaarb: loaded
[    1.905660] vgaarb: bridge control possible 0000:00:02.0
[    1.906696] SCSI subsystem initialized
[    1.907465] ACPI: bus type USB registered
[    1.914626] usbcore: registered new interface driver usbfs
[    1.916491] usbcore: registered new interface driver hub
[    1.917270] usbcore: registered new device driver usb
[    1.918275] PCI: Using ACPI for IRQ routing
[    1.919449] NetLabel: Initializing
[    1.920118] NetLabel:  domain hash size = 128
[    1.921035] NetLabel:  protocols = UNLABELED CIPSOv4
[    1.922743] NetLabel:  unlabeled traffic allowed by default
[    1.924322] amd_nb: Cannot enumerate AMD northbridges
[    1.925444] clocksource: Switched to clocksource kvm-clock
[    1.931303] AppArmor: AppArmor Filesystem Enabled
[    1.932197] pnp: PnP ACPI init
[    1.933615] pnp: PnP ACPI: found 3 devices
[  1420]losoceac_p mask: 0xffffff max_cycles: 0xfff, maid_n 2085701024 ns
[  2083]ETRestedroocol family 2
[    2.924990] TCP established hash table entries: 8192 (order: 4, 65536 bytes)
[    2.925997] TCP bind hash table entries: 8192 (order: 5, 131072 bytes)
[    2.926879] TCP: Hash tables configured (established 8192 bind 8192)
[    2.927746] UDP hash table entries: 512 (order: 2, 16384 bytes)
[    2.928595] UDP-Lite hash table entries: 512 (order: 2, 16384 bytes)
[    2.929491] NET: Registered protocol family 1
[    2.930100] pci 0000:00:00.0: Limiting direct PCI/PCI transfers
[    2.930806] pci 0000:00:01.0: Activating ISA DMA hang workarounds
  2.51] paininras.
[    3.517841] Freeing initrd memory: 14872K
[    3.586171] clocksource: tsc: mask: 0xffffffffffffffff max_cycles: 0x396d4ffc055, max_idle_ns: 881590662783 ns
[    3.588078] platform rtc_cmos: registered platform RTC device (no PNP device found)
[    3.589077] Scanning for low memory corruption every 60 seconds
[    3.590269] audit: initializing netlink subsys (disabled)
[    3.590915] audit: type=2000 audit(1586391337.747:1): initialized
[    3.591794] Initialise system trusted keyring
[    3.592767] HugeTLB registered 2 MB page size, pre-allocated 0 pages
[    3.594523] zbud: loaded
[    3.595375] VFS: Disk quotas dquot_6.6.0
[    3.596036] VFS: Dquot-cache hash table entries: 512 (order 0, 4096 bytes)
[    3.596953] squashfs: version 4.0 (2009/01/31) Phillip Lougher
[    3.597922] fuse init (API version 7.23)
[    3.598637] Key type big_key registered
[    3.599207] Allocating IMA MOK and blacklist keyrings.
[    3.601646] Key type asymmetric registered
[    3.602334] Asymmetric key parser 'x509' registered
[    3.603065] Block layer SCSI generic (bsg) driver version 0.4 loaded (major 249)
[    3.604316] io scheduler noop registered
[    3.604929] io scheduler deadline registered (default)
[    3.605708] io scheduler cfq registered
[    3.606525] pci_hotplug: PCI Hot Plug PCI Core version: 0.5
[    3.607304] pciehp: PCI Express Hot Plug Controller Driver version: 0.4
[    3.608322] ACPI: AC Adapter [AC] (off-line)
[    3.609012] input: Power Button as /devices/LNXSYSTM:00/LNXPWRBN:00/input/input0
[    3.610144] ACPI: Power Button [PWRF]
[    3.610771] input: Sleep Button as /devices/LNXSYSTM:00/LNXSLPBN:00/input/input1
[    3.611913] ACPI: Sleep Button [SLPF]
[    3.613229] ACPI: Battery Slot [BAT0] (battery present)
[    3.614036] GHES: HEST is not enabled!
[    3.614693] Serial: 8250/16550 driver, 32 ports, IRQ sharing enabled
[    3.637083] 00:02: ttyS0 at I/O 0x3f8 (irq = 4, base_baud = 115200) is a 16550A
[    3.655520] Linux agpgart interface v0.103
[    3.657541] loop: module loaded
[    3.658712] scsi host0: ata_piix
[    3.659382] scsi host1: ata_piix
[    3.659881] ata1: PATA max UDMA/33 cmd 0x1f0 ctl 0x3f6 bmdma 0xd000 irq 14
[    3.660677] ata2: PATA max UDMA/33 cmd 0x170 ctl 0x376 bmdma 0xd008 irq 15
[    3.661674] libphy: Fixed MDIO Bus: probed
[    3.662365] tun: Universal TUN/TAP device driver, 1.6
[    3.662959] tun: (C) 1999-2004 Max Krasnyansky <maxk@qualcomm.com>
[    3.663728] PPP generic driver version 2.4.2
[    3.664398] ehci_hcd: USB 2.0 'Enhanced' Host Controller (EHCI) Driver
[    3.696521] ehci-pci: EHCI PCI platform driver
[    3.697148] ehci-platform: EHCI generic platform driver
[    3.697838] ohci_hcd: USB 1.1 'Open' Host Controller (OHCI) Driver
[    3.698576] ohci-pci: OHCI PCI platform driver
[    3.699128] ohci-platform: OHCI generic platform driver
[    3.699744] uhci_hcd: USB Universal Host Controller Interface driver
[    3.700737] i8042: PNP: PS/2 Controller [PNP0303:PS2K,PNP0f03:PS2M] at 0x60,0x64 irq 1,12
[    3.702130] serio: i8042 KBD port at 0x60,0x64 irq 1
[    3.702728] serio: i8042 AUX port at 0x60,0x64 irq 12
[    3.703438] mousedev: PS/2 mouse device common for all mice
[    3.704528] input: AT Translated Set 2 keyboard as /devices/platform/i8042/serio0/input/input2
[    3.705709] rtc_cmos rtc_cmos: rtc core: registered rtc_cmos as rtc0
[    3.706649] rtc_cmos rtc_cmos: alarms up to one day, 114 bytes nvram
[    3.707362] i2c /dev entries driver
[    3.708032] device-mapper: uevent: version 1.0.3
[    3.708644] device-mapper: ioctl: 4.34.0-ioctl (2015-10-28) initialised: dm-devel@redhat.com
[    3.709700] ledtrig-cpu: registered to indicate activity on CPUs
[    3.710677] NET: Registered protocol family 10
[    3.711371] NET: Registered protocol family 17
[    3.712040] Key type dns_resolver registered
[    3.712735] registered taskstats version 1
[    3.713263] Loading compiled-in X.509 certificates
[    3.714361] Loaded X.509 cert 'Build time autogenerated kernel key: 4e6a82653c7e3a258f066f23f1954299de63b157'
[    3.715516] zswap: loaded using pool lzo/zbud
[    3.717597] Key type trusted registered
[    3.720537] Key type encrypted registered
[    3.721253] AppArmor: AppArmor sha1 policy hashing enabled
[    3.722065] ima: No TPM chip found, activating TPM-bypass!
[    3.722833] ima: Allocated hash algorithm: sha1
[    3.723549] evm: HMAC attrs: 0x1
[    3.724441]   Magic number: 0:379:253
[    3.725067] rtc_cmos rtc_cmos: setting system clock to 2020-04-09 00:15:34 UTC (1586391334)
[    3.726339] BIOS EDD facility v0.16 2004-Jun-25, 0 devices found
[    3.727140] EDD information not available.
[    3.827540] Freeing unused kernel memory: 1488K
[    3.904136] Write protecting the kernel read-only data: 14336k
[    3.905208] Freeing unused kernel memory: 1604K
[    3.905989] Freeing unused kernel memory: 64K
Loading, please wait...
starting version[    3.916067] random: systemd-udevd: uninitialized urandom read (16 bytes read, 3 bits of entropy available)
 229
[    3.916709] random: udevadm: uninitialized urandom read (16 bytes read, 3 bits of entropy available)
[    3.916725] random: udevadm: uninitialized urandom read (16 bytes read, 3 bits of entropy available)
[    3.924170] random: udevadm: uninitialized urandom read (16 bytes read, 3 bits of entropy available)
[    3.924251] random: udevadm: uninitialized urandom read (16 bytes read, 3 bits of entropy available)
[    3.924431] random: udevadm: uninitialized urandom read (16 bytes read, 3 bits of entropy available)
[    3.924471] random: udevadm: uninitialized urandom read (16 bytes read, 3 bits of entropy available)
[    3.924510] random: udevadm: uninitialized urandom read (16 bytes read, 3 bits of entropy available)
[    3.924551] random: udevadm: uninitialized urandom read (16 bytes read, 3 bits of entropy available)
[    3.924590] random: udevadm: uninitialized urandom read (16 bytes read, 3 bits of entropy available)
[    3.983796] e1000: Intel(R) PRO/1000 Network Driver - version 7.3.21-k8-NAPI
[    3.986962] e1000: Copyright (c) 1999-2006 Intel Corporation.
[    4.001056] Fusion MPT base driver 3.04.20
[    4.249436] Copyright (c) 1999-2008 LSI Corporation
[    4.258792] Fusion MPT SPI Host driver 3.04.20
[    4.406511] AVX2 version of gcm_enc/dec engaged.
[    4.407450] AES CTR mode by8 optimization enabled
[    4.452845] input: ImExPS/2 Generic Explorer Mouse as /devices/platform/i8042/serio1/input/input4
[    4.716532] e1000 0000:00:03.0 eth0: (PCI:33MHz:32-bit) 02:0e:0c:9a:00:f0
[    4.757024] e1000 0000:00:03.0 eth0: Intel(R) PRO/1000 Network Connection
[    5.369543] e1000 0000:00:08.0 eth1: (PCI:33MHz:32-bit) 08:00:27:68:44:76
[    5.370915] e1000 0000:00:08.0 eth1: Intel(R) PRO/1000 Network Connection
[    5.373710] e1000 0000:00:08.0 enp0s8: renamed from eth1
[    5.374984] mptbase: ioc0: Initiating bringup
[    5.385689] e1000 0000:00:03.0 enp0s3: renamed from eth0
[    5.453591] ioc0: LSI53C1030 A0: Capabilities={Initiator}
[    5.774841] scsi host2: ioc0: LSI53C1030 A0, FwRev=00000000h, Ports=1, MaxQ=256, IRQ=20
[    5.994612] scsi 2:0:0:0: Direct-Access     VBOX     HARDDISK         1.0  PQ: 0 ANSI: 5
[    6.020027] scsi target2:0:0: Beginning Domain Validation
[    6.026540] scsi target2:0:0: Domain Validation skipping write tests
[    6.134255] scsi target2:0:0: Ending Domain Validation
[    6.135237] scsi target2:0:0: asynchronous
[    6.136205] scsi 2:0:1:0: Direct-Access     VBOX     HARDDISK         1.0  PQ: 0 ANSI: 5
[    6.137366] scsi target2:0:1: Beginning Domain Validation
[    6.145968] scsi target2:0:1: Domain Validation skipping write tests
[    6.314497] scsi target2:0:1: Ending Domain Validation
[    6.315329] scsi target2:0:1: asynchronous
[    6.698979] sd 2:0:0:0: [sda] 20971520 512-byte logical blocks: (10.7 GB/10.0 GiB)
[    6.700304] sd 2:0:0:0: [sda] Write Protect is off
[    6.701033] sd 2:0:0:0: [sda] Incomplete mode parameter data
[    6.701801] sd 2:0:0:0: [sda] Assuming drive cache: write through
[    6.702640] sd 2:0:0:0: Attached scsi generic sg0 type 0
[    6.703922]  sda: sda1
[    6.738072] sd 2:0:1:0: [sdb] 20480 512-byte logical blocks: (10.5 MB/10.0 MiB)
[    6.739733] sd 2:0:1:0: [sdb] Write Protect is off
[    6.740695] sd 2:0:0:0: [sda] Attached SCSI disk
[    6.740821] sd 2:0:1:0: [sdb] Incomplete mode parameter data
[    6.740822] sd 2:0:1:0: [sdb] Assuming drive cache: write through
[    6.741235] sd 2:0:1:0: Attached scsi generic sg1 type 0
[    6.742379] sd 2:0:1:0: [sdb] Attached SCSI disk
Begin: Loading e[    8.018090] md: linear personality registered for level -1
ssential drivers ... [    8.101796] md: multipath personality registered for level -4
[    8.104671] md: raid0 personality registered for level 0
[    8.122452] md: raid1 personality registered for level 1
[    8.193888] raid6: sse2x1   gen() 11437 MB/s
[    8.265584] raid6: sse2x1   xor()  7937 MB/s
[    8.333448] raid6: sse2x2   gen() 16944 MB/s
[    8.403361] raid6: sse2x2   xor() 11717 MB/s
[    8.469655] raid6: sse2x4   gen() 17742 MB/s
[    8.543397] raid6: sse2x4   xor() 12383 MB/s
[    8.610115] raid6: avx2x1   gen() 24016 MB/s
[    8.683337] raid6: avx2x2   gen() 26712 MB/s
[    8.749515] raid6: avx2x4   gen() 30924 MB/s
[    8.750325] raid6: using algorithm avx2x4 gen() 30924 MB/s
[    8.751233] raid6: using avx2x2 recovery algorithm
[    8.753341] xor: automatically using best checksumming function:
[    8.793474]    avx       : 43934.000 MB/sec
[    8.807263] async_tx: api initialized (async)
[    8.814789] md: raid6 personality registered for level 6
[    8.815761] md: raid5 personality registered for level 5
[    8.816690] md: raid4 personality registered for level 4
[    8.822282] md: raid10 personality registered for level 10
done.
Begin: Running /scripts/init-premount ... done.
Begin: Mounting root file system ... Begin: Running /scripts/local-top ... done.
Begin: Running /scripts/local-premount ... [    8.850182] Btrfs loaded
Scanning for Btrfs filesystems
done.
Warning: fsck no[    8.881385] EXT4-fs (sda1): mounted filesystem with ordered data mode. Opts: (null)
t present, so skipping root file system
done.
Begin: Running /scripts/local-bottom ... done.
Begin: Running /scripts/init-bottom ... done.
[    9.048065] systemd[1]: systemd 229 running in system mode. (+PAM +AUDIT +SELINUX +IMA +APPARMOR +SMACK +SYSVINIT +UTMP +LIBCRYPTSETUP +GCRYPT +GNUTLS +ACL +XZ -LZ4 +SECCOMP +BLKID +ELFUTILS +KMOD -IDN)
[    9.066917] systemd[1]: Detected virtualization oracle.
[    9.067943] systemd[1]: Detected architecture x86-64.

Welcome to [1mUbuntu 16.04.6 LTS[0m!

[    9.071466] systemd[1]: Set hostname to <ubuntu>.
[    9.086776] systemd[1]: Initializing machine ID from random generator.
[    9.087769] systemd[1]: Installed transient /etc/machine-id file.
[   99.204702] systemd[1]: Set up automuunt Arbitrary Executable File Formats File System Automount Point.
[[0;32m  OK  [0m] Set up automount Arbitrary Executab...ats File System Automount Point.
[    9.416141] systemd[1]: Reached target System Time Synchronized.
[[0;32m  OK  [0m] Reached target System Time Synchronized.
[    9.417864] systemd[1]: Listening on LVM2 metadata daemon socket.
[[0;32m  OK  [0m] Listening on LVM2 metadata daemon socket.
[    9.419547] systemd[1]: Listening on /dev/initctl Compatbblltt  aaee  iiee
[[0;32m  OK  [0m] Listening on /dev/initctl Compatibility Named Pipe.
[    9.643119] systemd[1]: Listening on udev Kernel Socket.
[[0;32m  OK  [0m] Listening on udev Kernel Socket.
[    9.645095] systemd[1]: Started Trigger resolvconf update for networkd DNS.
[[0;32m  OK  [0m] Started Trigger resolvconf update for networkd DNS.
[    9.654909] systemd[1]: Created slice User and Session Slice.
[[0;32m  OK  [0m] Created slice User and Session Slice.
[    9.656555] systemd[1]: Listening on Syslog Socket.
[[0;32m  OK  [0m] Listening on Syslog Socket.
[    9.658011] systemd[1]: Listening on udev Control Socket.
[[0;32m  OK  [0m] Listening on udev Control Socket.
[    9.659570] systemd[1]: Started Forward Password Requests to Wall Directory Watch.
[[0;32m  OK  [0m] Started Forward Password Requests to Wall Directory Watch.
[    9.661804] systemd[1]: Reached target User and Group Name Lookups.
[[0;32m  OK  [0m] Reached target User and Group Name Lookups.
[    9.663570] systemd[1]: Reached target Encrypted Volumes.
[[0;32m  OK  [0m] Reached target Encrypted Volumes.
[    9.665133] systemd[1]: Reached target Swap.
[[0;32m  OK  [0m] Reached target Swap.
[    9.666471] systemd[1]: Listening on Journal Audit Socket.
[[0;32m  OK  [0m] Listening on Journal Audit Socket.
[    9.668150] systemd[1]: Created slice System Slice.
[[0;32m  OK  [0m] Created slice System Slice.
[    9.669633] systemd[1]: Created slice system-serial\x2dgetty.slice.
[[0;32m  OK  [0m] Created slice system-serial\x2dgetty.slice.
[    9.671384] systemd[1]: Reached target Slices.
[[0;32m  OK  [0m] Reached target Slices.
[    9.672798] systemd[1]: Listening on Journal Socket.
[[0;32m  OK  [0m] Listening on Journal Socket.
[    9.686038] systemd[1]: Starting Uncomplicated firewall...
         Starting Uncomplicated firewall...
[    9.703693] systemd[1]: Starting Nameserver information manager...
         Starting Nameserver information manager...
[    9.707716] systemd[1]: Mounting Huge Pages File System...
         Mounting Huge Pages File System...
[    9.711651] systemd[1]: Mounting POSIX Message Queue File System...
         Mounting POSIX Message Queue File System...
[    9.714283] systemd[1]: Starting Create list of required static device nodes for the current kernel...
         Starting Create list of required st... nodes for the current kernel...
[    9.717118] systemd[1]: Listening on LVM2 poll daemon socket.
[[0;32m  OK  [0m] Listening on LVM2 poll daemon socket.
[    9.719609] system[[1]: Mounting Debug File System...
         Mounting Debug File System...
[    9.757656] systemd[1]: Starting Load Kernel Modules...
[    9.798208] Loading iSCSI transport class v2.0-870.
         Starting Load Kernel Modules...
[    9.800436] systemd[1]: Starting Remount Root and Kernel File Systems...
         Starting Remount Root and Kernel File Systems...
[    9.802765] systemd[1]: Listening on Journal Socket (/dev/log).
[    9.804094] EXT4-fs (sda1): re-mounted. Opts: (null)
[[0;32m  OK  [0m] Listening on Journal Socket (/dev/log).
[    9.806248] systemd[1]: Starting Journal Service...
         Starting Journal Service...
[    9.808153] systemd[1]: Listening on Device-mapper event daemon FIFOs.
[[0;32m  OK  [0m] Listening on Device-mapper event daemon FIFOs.
[    9.811077] systemd[1]: Starting Monitoring of LVM2 mirrors, snapshots etc. using dmeventd or progress polling...
         [    9.815402] iscsi: registered transport (tcp)
Starting Monitoring of LVM2 mirrors... dmeventd or progress polling...
[    9.905741] systemd[1]: Starting Set console keymap...
         Starting Set console keymap...
[    9.909972] systemd[1]: Mounted Debug File System.
[[0;32m  OK  [0m] Mounted Debug File System.
[    9.912258] systemd[1]: Mounted Huge Pages File System.
[[0;32m  OK  [0m] Mounted Huge Pages File System.
[    9.914990] systemd[1]: Mounted POSIX Message Queue File System.
[[0;32m  OK  [0m] Mounted POSIX Message Queue File System.
[    9.917792] systemd[1]: Started Uncomplicated firewall.
[[0;32m  OK  [0m] Started Uncomplicated firewall.
[    9.922248] systemd[1]: Started Create list of required static device nodes for the current kernel.
[[0;32m  OK  [0m] Started Create list of required sta...ce nodes for the current kernel.
[    9.926125] systemd[1]: Started Remount Root and Kernel File Systems.
[[0;32m  OK  [0m] Started Remount Root and Kernel File Systems.
[   00.08855]]iiccii  eeiittrrdd transport (iser)
[   10.083653] systemd[1]: Started Nameserver information manager.
[   10.386815] random: nonblocking pool is initialized
[[0;32m  OK  [0m] Started Nameserver information manager.
[   10.407732] systemd[1]: Started Load Kernel Modules.
[[0;32m  OK  [0m] Started Load Kernel Modules.
[   10.410021] systemd[1]: Started Set console keymap.
[[0;32m  OK  [0m] Started Set console keymap.
[   10.412823] systemd[1]: Started Journal Service.
[[0;32m  OK  [0m] Started Journal Service.
[[0;32m  OK  [0m] Started LVM2 metadata daemon.
         Mounting FUSE Control File System...
         Starting Apply Kernel Variables...
         Starting Flush Journal to Persistent Storage...
         Starting Load/Save Random Seed...
         Starting udev Coldplug all Devices...
         Starting Create Static Device Nodes in /dev...
[[0;32m  OK  [0m] Mounted FUSE Control File System.
[[0;32m  OK  [0m] Started Apply Kernel Variables.
[[0;32m  OK  [0m] Started Load/Save Random Seed.
[[0;32m  OK  [0m] Started Create Static Device Nodes in /dev.
         Starting udev Kernel Device Manager...
[[0;32m  OK  [0m] Started Flush Journal to Persistent Storage.
[[0;32m  OK  [0m] Started udev Coldplug all Devices.
[[0;32m  OK  [0m] Started udev Kernel Device Manager.
[[0;32m  OK  [0m] Started Dispatch Password Requests to Console Directory Watch.
[[0;32m  OK  [0m] Started Monitoring of LVM2 mirrors,...ng dmeventd or progress polling.
[[0;32m  OK  [0m] Found device /dev/ttyS0.
[[0;32m  OK  [0m] Listening on Load/Save RF Kill Switch Status /dev/rfkill Watch.
[[0;32m  OK  [0m] Reached target Local File Systems (Pre).
[[0;32m  OK  [0m] Reached target Local File Systems.
         Starting LSB: AppArmor initialization...
         Starting Tell Plymouth To Write Out Runtime Data...
         Starting Create Volatile Files and Directories...
         Starting Commit a transient machine-id on disk...
         Starting Initial cloud-init job (pre-networking)...
         Starting Set console font and keymap...
[[0;32m  OK  [0m] Started Tell Plymouth To Write Out Runtime Data.
[[0;32m  OK  [0m] Started Create Volatile Files and Directories.
[[0;32m  OK  [0m] Started Commit a transient machine-id on disk.
         Starting Update UTMP about System Boot/Shutdown...
[[0;32m  OK  [0m] Started Update UTMP about System Boot/Shutdown.
[[0;32m  OK  [0m] Started Set console font and keymap.
[[0;32m  OK  [0m] Created slice system-getty.slice.
[[0;32m  OK  [0m] Started LSB: AppArmor initialization.
[   10.730449] cloud-init[641]: Cloud-init v. 19.4-33-gbb4131a2-0ubuntu1~16.04.1 running 'init-local' at Thu, 09 Apr 2020 00:15:42 +0000. Up 10.42 seconds.
[[0;32m  OK  [0m] Started Initial cloud-init job (pre-networking).
[[0;32m  OK  [0m] Reached target Network (Pre).
         Starting Raise network interfaces...
[[0;32m  OK  [0m] Started Raise network interfaces.
[[0;32m  OK  [0m] Reached target Network.
         Starting Initial cloud-init job (metadata service crawler)...
[   11.757754] cloud-init[968]: Cloud-init v. 19.4-33-gbb4131a2-0ubuntu1~16.04.1 running 'init' at Thu, 09 Apr 2020 00:15:43 +0000. Up 11.18 seconds.
[   11.765440] cloud-init[968]: ci-info: ++++++++++++++++++++++++++++++++++++Net device info+++++++++++++++++++++++++++++++++++++
[   11.768543] cloud-init[968]: ci-info: +--------+-------+------------------------+---------------+--------+-------------------+
[   11.770391] cloud-init[968]: ci-info: | Device |   Up  |        Address         |      Mask     | Scope  |     Hw-Address    |
[   11.771914] cloud-init[968]: ci-info: +--------+-------+------------------------+---------------+--------+-------------------+
[   11.773331] cloud-init[968]: ci-info: | enp0s3 |  True |       10.0.2.15        | 255.255.255.0 | global | 02:0e:0c:9a:00:f0 |
[   11.774758] cloud-init[968]: ci-info: | enp0s3 |  True | fe80::e:cff:fe9a:f0/64 |       .       |  link  | 02:0e:0c:9a:00:f0 |
[   11.776125] cloud-init[968]: ci-info: | enp0s8 | False |           .            |       .       |   .    | 08:00:27:68:44:76 |
[   11.777486] cloud-init[968]: ci-info: |   lo   |  True |       127.0.0.1        |   255.0.0.0   |  host  |         .         |
[   11.778769] cloud-init[968]: ci-info: |   lo   |  True |        ::1/128         |       .       |  host  |         .         |
[   11.780085] cloud-init[968]: ci-info: +--------+-------+------------------------+---------------+--------+-------------------+
[   11.781322] cloud-init[968]: ci-info: +++++++++++++++++++++++++++Route IPv4 info++++++++++++++++++++++++++++
[   11.782543] cloud-init[968]: ci-info: +-------+-------------+----------+---------------+-----------+-------+
[   11.783930] cloud-init[968]: ci-info: | Route | Destination | Gateway  |    Genmask    | Interface | Flags |
[   11.785344] cloud-init[968]: ci-info: +-------+-------------+----------+---------------+-----------+-------+
[   11.786741] cloud-init[968]: ci-info: |   0   |   0.0.0.0   | 10.0.2.2 |    0.0.0.0    |   enp0s3  |   UG  |
[   11.789062] cloud-init[968]: ci-info: |   1   |   10.0.2.0  | 0.0.0.0  | 255.255.255.0 |   enp0s3  |   U   |
[   11.790380] cloud-init[968]: ci-info: +-------+-------------+----------+---------------+-----------+-------+
[   11.791771] cloud-init[968]: ci-info: +++++++++++++++++++Route IPv6 info+++++++++++++++++++
[   11.793080] cloud-init[968]: ci-info: +-------+-------------+---------+-----------+-------+
[   11.794375] cloud-init[968]: ci-info: | Route | Destination | Gateway | Interface | Flags |
[   11.795697] cloud-init[968]: ci-info: +-------+-------------+---------+-----------+-------+
[   11.796984] cloud-init[968]: ci-info: |   0   |  fe80::/64  |    ::   |   enp0s3  |   U   |
[   11.798285] cloud-init[968]: ci-info: |   3   |   ff00::/8  |    ::   |   enp0s3  |   U   |
[   11.799616] cloud-init[968]: ci-info: +-------+-------------+---------+-----------+-------+
[   11.800952] cloud-init[968]: Generating public/private rsa key pair.[[0;32m  OK  [0m] Started Initial cloud-init job (metadata service crawler).
[[0;32m  OK  [0m] Reached target System Initialization.
[[0;32m  OK  [0m] Listening on UUID daemon activation socket.
         
Starting Socket activation for snappy daemon.[   11.804868] cloud-init[968]: Your identification has been saved in /etc/ssh/ssh_host_rsa_key.
[   11.805227] cloud-init[968]: Your public key has been saved in /etc/ssh/ssh_host_rsa_key.pub.
[   11.805328] cloud-init[968]: The key fingerprint is:
[   11.805424] cloud-init[968]: SHA256:alKZzO97gKtzJ6Qu+hX1fTOOuwx0PCOz2HWG0Yen9jA root@ubuntu-xenial
[   11.805525] cloud-init[968]: The key's randomart image is:
[   11.805625] cloud-init[968]: +---[RSA 2048]----+
[   11.805726] cloud-init[968]: |                 |
[   11.805834] cloud-init[968]: |           . .   |
[   11.805934] cloud-init[968]: |      .   . o o  |
[   11.806036] cloud-init[968]: |     + + o o +   |
[   11.806138] cloud-init[968]: |    . *.S O E    |
[   11.806239] cloud-init[968]: |     oo*.* X *   |
[   11.806346] cloud-init[968]: |    oo+.=.. . .  |
[   11.806504] cloud-init[968]: |  ..oo+..o..     |
[   11.806629] cloud-init[968]: |.o.oo+ ooo+.     |
[   11.806741] cloud-init[968]: +----[SHA256]-----+
[   11.806851] cloud-init[968]: Generating public/private dsa key pair.
[   11.806945] cloud-init[968]: Your identification has been saved in /etc/ssh/ssh_host_dsa_key.
[   11.807041] cloud-init[968]: Your public key has been saved in /etc/ssh/ssh_host_dsa_key.pub.
[   11.807137] cloud-init[968]: The key fingerprint is:
[   11.807232] cloud-init[968]: SHA256:dvzIkdF4lR8hnWwSYYqflDHgUbcduQVLcD1y6oL+oYU root@ubuntu-xenial
[   11.807331] cloud-init[968]: The key's randomart image is:
[   11.807424] cloud-init[968]: +---[DSA 1024]----+
[   11.807519] cloud-init[968]: |         oo+.BX*+|
[   11.807616] cloud-init[968]: |        . ooB*=@+|
[   11.807714] cloud-init[968]: |         oo+o.Bo=|
[   11.807811] cloud-init[968]: |         .o+.. ..|
[   11.807908] cloud-init[968]: |        S *o.    |
[   11.808004] cloud-init[968]: |       . +.= .   |
[   11.808253] cloud-init[968]: |        .Eooo    |
[   11.808345] cloud-init[968]: |         .o .    |
[   11.808442] cloud-init[968]: |         ...     |
[   11.808536] cloud-init[968]: +----[SHA256]-----+
[   11.808629] cloud-init[968]: Generating public/private ecdsa key pair.
[   11.808726] cloud-init[968]: Your identification has been saved in /etc/ssh/ssh_host_ecdsa_key.
[   11.808821] cloud-init[968]: Your public key has been saved in /etc/ssh/ssh_host_ecdsa_key.pub.
[   11.808929] cloud-init[968]: The key fingerprint is:
[   11.809024] cloud-init[968]: SHA256:DmWNxrapmHUrhil5Hitieaynt8Pr1Oz9kU/Ft37DjuE root@ubuntu-xenial
[   11.809120] cloud-init[968]: The key's randomart image is:
[   11.809216] cloud-init[968]: +---[ECDSA 256]---+
[   11.809313] cloud-init[968]: |                 |
[   11.809407] cloud-init[968]: |       . o       |
[   11.809503] cloud-init[968]: |        B .      |
[   11.809598] cloud-init[968]: |       = o  .    |
[   11.809693] cloud-init[968]: |      o S    o . |
[   11.809791] cloud-init[968]: |   .o* = .. . . .|
[   11.809885] cloud-init[968]: |  *.Bo+ oo . ... |
[   11.809980] cloud-init[968]: |.oo@.+..  + . +o.|
[   11.810077] cloud-init[968]: |.+B=*. ... . E.oo|
[   11.810171] cloud-init[968]: +----[SHA256]-----+
[   11.810267] cloud-init[968]: Generating public/private ed25519 key pair.
[   11.810387] cloud-init[968]: Your identification has been saved in /etc/ssh/ssh_host_ed25519_key.
[   11.810518] cloud-init[968]: Your public key has been saved in /etc/ssh/ssh_host_ed25519_key.pub.
[   11.810628] cloud-init[968]: The key fingerprint is:
[   11.810723] cloud-init[968]: SHA256:i/pv7NwYg5cJ1b0H17PDA4tpEBeU0vYx6IKZ2g8MIoY root@ubuntu-xenial
[   11.810819] cloud-init[968]: The key's randomart image is:
[   11.810913] cloud-init[968]: +--[ED25519 256]--+
[   11.811009] cloud-init[968]: |         .o++    |
[   11.811104] cloud-init[968]: |         oo* o . |
[   11.811202] cloud-init[968]: |.       =.= +.+..|
[   11.811294] cloud-init[968]: |Eo . . = ...o=+ o|
[   11.811392] cloud-init[968]: |. . . * S .+...= |
[   11.811494] cloud-init[968]: |     . B +.  .  o|
[   11.811584] cloud-init[968]: |      o.X        |
[   11.811677] cloud-init[968]: |     . oo*       |
[   11.811785] cloud-init[968]: |    ...+= .      |
[   11.811888] cloud-init[968]: +----[SHA256]-----+

[[0;32m  OK  [0m] Listening on D-Bus System Message Bus Socket.
[[0;32m  OK  [0m] Started Daily apt download activities.
[[0;32m  OK  [0m] Started ACPI Events Check.
[[0;32m  OK  [0m] Reached target Paths.
         Starting LXD - unix socket.
[[0;32m  OK  [0m] Started Message of the Day.
[[0;32m  OK  [0m] Listening on ACPID Listen Socket.
[[0;32m  OK  [0m] Started Daily Cleanup of Temporary Directories.
[[0;32m  OK  [0m] Started Daily apt upgrade and clean activities.
[[0;32m  OK  [0m] Reached target Timers.
[[0;32m  OK  [0m] Reached target Network is Online.
         Starting iSCSI initiator daemon (iscsid)...
[[0;32m  OK  [0m] Reached target Cloud-config availability.
[[0;32m  OK  [0m] Listening on Socket activation for snappy daemon.
[[0;32m  OK  [0m] Listening on LXD - unix socket.
[[0;32m  OK  [0m] Reached target Sockets.
[[0;32m  OK  [0m] Reached target Basic System.
         Starting System Logging Service...
         Starting LSB: MD monitoring daemon...
[[0;32m  OK  [0m] Started ACPI event daemon.
[[0;32m  OK  [0m] Started D-Bus System Message Bus.
         Starting Login Service...
[[0;32m  OK  [0m] Started Deferred execution scheduler.
         Starting Virtualbox guest utils...
         Starting /etc/rc.local Compatibility...
         Starting LXD - container startup/shutdown...
[[0;32m  OK  [0m] Started Regular background program processing daemon.
         Starting Accounts Service...
         Starting LSB: Record successful boot for GRUB...
[[0;32m  OK  [0m] Started FUSE filesystem for LXC.
         Starting Pollinate to seed the pseudo random number generator...
         Starting Snappy daemon...
[[0;32m  OK  [0m] Started System Logging Service.
[[0;32m  OK  [0m] Started iSCSI initiator daemon (iscsid).
[[0;32m  OK  [0m] Started /etc/rc.local Compatibility.
[[0;32m  OK  [0m] Started Login Service.
[[0;32m  OK  [0m] Started LSB: MD monitoring daemon.
[[0;32m  OK  [0m] Started LSB: Record successful boot for GRUB.
[[0;32m  OK  [0m] Started Unattended Upgrades Shutdown.
         Starting Authenticate and Authorize Users to Run Privileged Tasks...
         Starting Login to default iSCSI targets...
[[0;32m  OK  [0m] Started Virtualbox guest utils.
[[0;32m  OK  [0m] Started Authenticate and Authorize Users to Run Privileged Tasks.
[[0;32m  OK  [0m] Started LXD - container startup/shutdown.
[[0;32m  OK  [0m] Started Accounts Service.
[[0;32m  OK  [0m] Started Login to default iSCSI targets.
[[0;32m  OK  [0m] Reached target Remote File Systems (Pre).
[[0;32m  OK  [0m] Reached target Remote File Systems.
         Starting Permit User Sessions...
         Starting LSB: automatic crash report generation...
         Starting LSB: Set the CPU Frequency Scaling governor to "ondemand"...
         Starting LSB: daemon to balance interrupts for SMP systems...
[[0;32m  OK  [0m] Started Permit User Sessions.
         Starting Terminate Plymouth Boot Screen...
         Starting Hold until boot process finishes up...
[[0;32m  OK  [0m] Started LSB: automatic crash report generation.
[[0;32m  OK  [0m] Started LSB: daemon to balance interrupts for SMP systems.
[[0;32m  OK  [0m] Started Hold until boot process finishes up.
[[0;32m  OK  [0m] Started Terminate Plymouth Boot Screen.
[[0;32m  OK  [0m] Started Snappy daemon.
         Starting Wait until snapd is fully seeded...
[[0;32m  OK  [0m] Started Getty on tty1.
         Starting Set console scheme...
[[0;32m  OK  [0m] Started Serial Getty on ttyS0.
[[0;32m  OK  [0m] Reached target Login Prompts.
[[0;32m  OK  [0m] Started LSB: Set the CPU Frequency Scaling governor to "ondemand".
[[0;32m  OK  [0m] Started Set console scheme.
[[0;32m  OK  [0m] Started Pollinate to seed the pseudo random number generator.
         Starting OpenBSD Secure Shell server...
[[0;32m  OK  [0m] Started OpenBSD Secure Shell server.
[[0;32m  OK  [0m] Started Wait until snapd is fully seeded.
         Starting Apply the settings specified in cloud-config...
[[0;32m  OK  [0m] Reached target Multi-User System.
[[0;32m  OK  [0m] Reached target Graphical Interface.
         Starting Update UTMP about System Runlevel Changes...
[[0;32m  OK  [0m] Started Update UTMP about System Runlevel Changes.
[   15.358949] cloud-init[1319]: Generating locales (this might take a while)...
[   15.859165] cloud-init[1319]:   en_US.UTF-8... done
[   15.888323] cloud-init[1319]: Generation complete.
[   16.079374] cloud-init[1319]: Cloud-init v. 19.4-33-gbb4131a2-0ubuntu1~16.04.1 running 'modules:config' at Thu, 09 Apr 2020 00:15:47 +0000. Up 15.29 seconds.
[[0;32m  OK  [0m] Started Apply the settings specified in cloud-config.
         Starting Execute cloud user/final scripts...
ci-info: no authorized SSH keys fingerprints found for user ubuntu.
<14>Apr  9 00:15:48 ec2: 
<14>Apr  9 00:15:48 ec2: #############################################################
<14>Apr  9 00:15:48 ec2: -----BEGIN SSH HOST KEY FINGERPRINTS-----
<14>Apr  9 00:15:48 ec2: 1024 SHA256:dvzIkdF4lR8hnWwSYYqflDHgUbcduQVLcD1y6oL+oYU root@ubuntu-xenial (DSA)
<14>Apr  9 00:15:48 ec2: 256 SHA256:DmWNxrapmHUrhil5Hitieaynt8Pr1Oz9kU/Ft37DjuE root@ubuntu-xenial (ECDSA)
<14>Apr  9 00:15:48 ec2: 256 SHA256:i/pv7NwYg5cJ1b0H17PDA4tpEBeU0vYx6IKZ2g8MIoY root@ubuntu-xenial (ED25519)
<14>Apr  9 00:15:48 ec2: 2048 SHA256:alKZzO97gKtzJ6Qu+hX1fTOOuwx0PCOz2HWG0Yen9jA root@ubuntu-xenial (RSA)
<14>Apr  9 00:15:48 ec2: -----END SSH HOST KEY FINGERPRINTS-----
<14>Apr  9 00:15:48 ec2: #############################################################
-----BEGIN SSH HOST KEY KEYS-----
ecdsa-sha2-nistp256 AAAAE2VjZHNhLXNoYTItbmlzdHAyNTYAAAAIbmlzdHAyNTYAAABBBIYf4D1wNjJiLeDGnCS1uTWp+Gw0na1u0fYdPlTVtNT9rDo4BCoeizz7JTfQ1oipYXeLoBu0BLTu0ZjOR8jHrQ0= root@ubuntu-xenial
ssh-ed25519 AAAAC3NzaC1lZDI1NTE5AAAAIP3eA28866ZMhDe8PLg1dhHy0qgj4SmJhhsb1dmR/sjE root@ubuntu-xenial
ssh-rsa AAAAB3NzaC1yc2EAAAADAQABAAABAQDeitckh5BQIBA5FnVUZRu2dRBAl3JN0kwHnZWzN1CzLa+VZS53ujNw209qoFfCbJ1+cbRi7Vg8Ml5S/4Fx0MIlu6zxuyFhtUZcmFaBfRMoZPgq/s5x5wYf38VQGez5X6Ij96HO9G8UtY0n4A03z4C9YXgBHhFAVGSKZHIaRQGqRJ9LYCAYmOsrUVpBoqlg7I9guwGU/ZxES3LjtE4BmrSsl+CWqVzt9H522twE5X02tpy6z7PhYI3725ADigpSbpn6YtfoZpUNddwJjuy+aDhG7N/LyMI5l2ZIvxOrzbbbxv2HZqPm0hV2vVF13UHRgKy549Y96mBIovD+mZQ/3eUZ root@ubuntu-xenial
-----END SSH HOST KEY KEYS-----
[   16.437849] cloud-init[1363]: Cloud-init v. 19.4-33-gbb4131a2-0ubuntu1~16.04.1 running 'modules:final' at Thu, 09 Apr 2020 00:15:48 +0000. Up 16.34 seconds.
[   16.439651] cloud-init[1363]: ci-info: no authorized SSH keys fingerprints found for user ubuntu.
[   16.441116] cloud-init[1363]: Cloud-init v. 19.4-33-gbb4131a2-0ubuntu1~16.04.1 finished at Thu, 09 Apr 2020 00:15:48 +0000. Datasource DataSourceNoCloud [seed=/dev/sdb][dsmode=net].  Up 16.43 seconds
[[0;32m  OK  [0m] Started Execute cloud user/final scripts.
[[0;32m  OK  [0m] Reached target Cloud-init target.

Ubuntu 16.04.6 LTS ubuntu-xenial ttyS0

ubuntu-xenial login: 